<?xml version="1.0" encoding="UTF-8"?>
<!-- Generated by org.testng.reporters.JUnitXMLReporter -->
<testsuite hostname="PO-3296-5MSY1" ignored="0" name="Surefire test" tests="6" failures="0" timestamp="06 nov 2019 18:51:33 GMT" time="0.091" errors="0">
  <testcase name="consultarSaldo" time="0.032" classname="com.hbt.semillero.servicios.ejb.GestionarSaldosTest"/>
  <testcase name="crearSaldoTest" time="0.008" classname="com.hbt.semillero.servicios.ejb.GestionarSaldosTest"/>
  <testcase name="crearSaldosTest" time="0.003" classname="com.hbt.semillero.servicios.ejb.GestionarSaldosTest"/>
  <testcase name="eliminarSaldoTest" time="0.001" classname="com.hbt.semillero.servicios.ejb.GestionarSaldosTest"/>
  <testcase name="modificarSaldoTest" time="0.0" classname="com.hbt.semillero.servicios.ejb.GestionarSaldosTest"/>
  <testcase name="recorrerSaldo" time="0.001" classname="com.hbt.semillero.servicios.ejb.GestionarSaldosTest"/>
</testsuite> <!-- Surefire test -->
