<?xml version="1.0" encoding="UTF-8"?>
<!-- Generated by org.testng.reporters.JUnitXMLReporter -->
<testsuite hostname="PO-3296-5MSY1" ignored="0" name="Surefire test" tests="6" failures="1" timestamp="06 nov 2019 20:25:53 GMT" time="0.074" errors="0">
  <testcase name="consultarSaldo" time="0.019" classname="com.hbt.semillero.servicios.ejb.GestionarSaldosTest">
    <failure type="java.lang.NullPointerException">
      <![CDATA[java.lang.NullPointerException
at com.hbt.semillero.servicios.ejb.GestionarSaldos.consultarSaldo(GestionarSaldos.java:73)
at com.hbt.semillero.servicios.ejb.GestionarSaldosTest.consultarSaldo(GestionarSaldosTest.java:48)
... Removed 30 stack frames]]>
    </failure>
  </testcase> <!-- consultarSaldo -->
  <testcase name="crearSaldoTest" time="0.001" classname="com.hbt.semillero.servicios.ejb.GestionarSaldosTest"/>
  <testcase name="crearSaldosTest" time="0.001" classname="com.hbt.semillero.servicios.ejb.GestionarSaldosTest"/>
  <testcase name="eliminarSaldoTest" time="0.001" classname="com.hbt.semillero.servicios.ejb.GestionarSaldosTest"/>
  <testcase name="modificarSaldoTest" time="0.0" classname="com.hbt.semillero.servicios.ejb.GestionarSaldosTest"/>
  <testcase name="recorrerSaldo" time="0.0" classname="com.hbt.semillero.servicios.ejb.GestionarSaldosTest"/>
</testsuite> <!-- Surefire test -->
