-------------------------------------------------------------------------------
Test set: com.hbt.semillero.servicios.ejb.GestionarSaldosTest
-------------------------------------------------------------------------------
Tests run: 6, Failures: 1, Errors: 0, Skipped: 0, Time elapsed: 0.928 s <<< FAILURE! - in com.hbt.semillero.servicios.ejb.GestionarSaldosTest
consultarSaldo(com.hbt.semillero.servicios.ejb.GestionarSaldosTest)  Time elapsed: 0.035 s  <<< FAILURE!
java.lang.NullPointerException
	at com.hbt.semillero.servicios.ejb.GestionarSaldosTest.consultarSaldo(GestionarSaldosTest.java:48)

