<?xml version="1.0" encoding="UTF-8"?>
<testsuite xmlns:xsi="http://www.w3.org/2001/XMLSchema-instance" xsi:noNamespaceSchemaLocation="https://maven.apache.org/surefire/maven-surefire-plugin/xsd/surefire-test-report.xsd" name="com.hbt.semillero.servicios.ejb.GestionarSaldosTest" time="0.981" tests="6" errors="0" skipped="0" failures="0">
  <properties>
[...]
</properties>
  <testcase name="consultarSaldo" classname="com.hbt.semillero.servicios.ejb.GestionarSaldosTest" time="0.027"/>
  <testcase name="crearSaldoTest" classname="com.hbt.semillero.servicios.ejb.GestionarSaldosTest" time="0.001"/>
  <testcase name="crearSaldosTest" classname="com.hbt.semillero.servicios.ejb.GestionarSaldosTest" time="0.002"/>
  <testcase name="eliminarSaldoTest" classname="com.hbt.semillero.servicios.ejb.GestionarSaldosTest" time="0"/>
  <testcase name="modificarSaldoTest" classname="com.hbt.semillero.servicios.ejb.GestionarSaldosTest" time="0"/>
  <testcase name="recorrerSaldo" classname="com.hbt.semillero.servicios.ejb.GestionarSaldosTest" time="0"/>
</testsuite>